<?xml version="1.0" encoding="UTF-8"?>
<testng-results skipped="0" failed="0" total="1" passed="1">
  <reporter-output>
  </reporter-output>
  <suite name="Default suite" duration-ms="50918" started-at="2018-10-10T07:53:02Z" finished-at="2018-10-10T07:53:53Z">
    <groups>
    </groups>
    <test name="Default test" duration-ms="50918" started-at="2018-10-10T07:53:02Z" finished-at="2018-10-10T07:53:53Z">
      <class name="com.framework.test.SampleTest">
        <test-method status="PASS" signature="beforeMethod()[pri:0, instance:com.framework.test.SampleTest@2b98378d]" name="beforeMethod" is-config="true" duration-ms="22647" started-at="2018-10-10T13:23:02Z" finished-at="2018-10-10T13:23:25Z">
          <reporter-output>
          </reporter-output>
        </test-method> <!-- beforeMethod -->
        <test-method status="PASS" signature="testCase1()[pri:0, instance:com.framework.test.SampleTest@2b98378d]" name="testCase1" duration-ms="27286" started-at="2018-10-10T13:23:25Z" finished-at="2018-10-10T13:23:52Z">
          <reporter-output>
          </reporter-output>
        </test-method> <!-- testCase1 -->
        <test-method status="PASS" signature="cleanUp()[pri:0, instance:com.framework.test.SampleTest@2b98378d]" name="cleanUp" is-config="true" duration-ms="951" started-at="2018-10-10T13:23:52Z" finished-at="2018-10-10T13:23:53Z">
          <reporter-output>
          </reporter-output>
        </test-method> <!-- cleanUp -->
      </class> <!-- com.framework.test.SampleTest -->
    </test> <!-- Default test -->
  </suite> <!-- Default suite -->
</testng-results>
